mode: set
github.com/ordnancenetworks/podinfo/pkg/api/cache.go:26.76,30.19 3 0
github.com/ordnancenetworks/podinfo/pkg/api/cache.go:30.19,33.3 2 0
github.com/ordnancenetworks/podinfo/pkg/api/cache.go:35.2,37.16 3 0
github.com/ordnancenetworks/podinfo/pkg/api/cache.go:37.16,40.3 2 0
github.com/ordnancenetworks/podinfo/pkg/api/cache.go:42.2,45.16 4 0
github.com/ordnancenetworks/podinfo/pkg/api/cache.go:45.16,49.3 3 0
github.com/ordnancenetworks/podinfo/pkg/api/cache.go:51.2,51.36 1 0
github.com/ordnancenetworks/podinfo/pkg/api/cache.go:63.77,67.19 3 0
github.com/ordnancenetworks/podinfo/pkg/api/cache.go:67.19,70.3 2 0
github.com/ordnancenetworks/podinfo/pkg/api/cache.go:72.2,77.16 5 0
github.com/ordnancenetworks/podinfo/pkg/api/cache.go:77.16,81.3 3 0
github.com/ordnancenetworks/podinfo/pkg/api/cache.go:83.2,83.36 1 0
github.com/ordnancenetworks/podinfo/pkg/api/cache.go:95.75,99.19 3 0
github.com/ordnancenetworks/podinfo/pkg/api/cache.go:99.19,102.3 2 0
github.com/ordnancenetworks/podinfo/pkg/api/cache.go:104.2,110.23 5 0
github.com/ordnancenetworks/podinfo/pkg/api/cache.go:110.23,114.3 3 0
github.com/ordnancenetworks/podinfo/pkg/api/cache.go:116.2,117.16 2 0
github.com/ordnancenetworks/podinfo/pkg/api/cache.go:117.16,121.3 3 0
github.com/ordnancenetworks/podinfo/pkg/api/cache.go:123.2,124.23 2 0
github.com/ordnancenetworks/podinfo/pkg/api/cache.go:127.53,129.16 2 0
github.com/ordnancenetworks/podinfo/pkg/api/cache.go:129.16,131.3 1 0
github.com/ordnancenetworks/podinfo/pkg/api/cache.go:133.2,134.40 2 0
github.com/ordnancenetworks/podinfo/pkg/api/cache.go:134.40,136.42 2 0
github.com/ordnancenetworks/podinfo/pkg/api/cache.go:136.42,138.4 1 0
github.com/ordnancenetworks/podinfo/pkg/api/cache.go:141.2,141.50 1 0
github.com/ordnancenetworks/podinfo/pkg/api/cache.go:144.54,145.32 1 0
github.com/ordnancenetworks/podinfo/pkg/api/cache.go:145.32,147.3 1 0
github.com/ordnancenetworks/podinfo/pkg/api/cache.go:148.2,152.55 1 0
github.com/ordnancenetworks/podinfo/pkg/api/cache.go:152.55,155.4 2 0
github.com/ordnancenetworks/podinfo/pkg/api/cache.go:159.2,159.23 1 0
github.com/ordnancenetworks/podinfo/pkg/api/cache.go:159.23,161.89 2 0
github.com/ordnancenetworks/podinfo/pkg/api/cache.go:161.89,163.4 1 0
github.com/ordnancenetworks/podinfo/pkg/api/cache.go:164.3,164.19 1 0
github.com/ordnancenetworks/podinfo/pkg/api/cache.go:168.2,168.12 1 0
github.com/ordnancenetworks/podinfo/pkg/api/cache.go:168.12,170.7 2 0
github.com/ordnancenetworks/podinfo/pkg/api/cache.go:170.7,171.11 1 0
github.com/ordnancenetworks/podinfo/pkg/api/cache.go:172.20,173.17 1 0
github.com/ordnancenetworks/podinfo/pkg/api/chunked.go:21.73,28.16 5 1
github.com/ordnancenetworks/podinfo/pkg/api/chunked.go:28.16,30.3 1 0
github.com/ordnancenetworks/podinfo/pkg/api/chunked.go:32.2,33.9 2 1
github.com/ordnancenetworks/podinfo/pkg/api/chunked.go:33.9,36.3 2 0
github.com/ordnancenetworks/podinfo/pkg/api/chunked.go:38.2,47.17 7 1
github.com/ordnancenetworks/podinfo/pkg/api/configs.go:5.76,10.20 4 0
github.com/ordnancenetworks/podinfo/pkg/api/configs.go:10.20,11.69 1 0
github.com/ordnancenetworks/podinfo/pkg/api/configs.go:11.69,14.4 2 0
github.com/ordnancenetworks/podinfo/pkg/api/configs.go:17.2,17.29 1 0
github.com/ordnancenetworks/podinfo/pkg/api/delay.go:19.96,25.2 1 0
github.com/ordnancenetworks/podinfo/pkg/api/delay.go:27.73,28.71 1 0
github.com/ordnancenetworks/podinfo/pkg/api/delay.go:28.71,31.17 3 0
github.com/ordnancenetworks/podinfo/pkg/api/delay.go:32.12,33.22 1 0
github.com/ordnancenetworks/podinfo/pkg/api/delay.go:34.13,35.27 1 0
github.com/ordnancenetworks/podinfo/pkg/api/delay.go:36.11,37.22 1 0
github.com/ordnancenetworks/podinfo/pkg/api/delay.go:40.3,42.23 3 0
github.com/ordnancenetworks/podinfo/pkg/api/delay.go:55.71,62.16 5 1
github.com/ordnancenetworks/podinfo/pkg/api/delay.go:62.16,65.3 2 0
github.com/ordnancenetworks/podinfo/pkg/api/delay.go:67.2,69.54 2 1
github.com/ordnancenetworks/podinfo/pkg/api/echo.go:26.70,31.16 4 1
github.com/ordnancenetworks/podinfo/pkg/api/echo.go:31.16,35.3 3 0
github.com/ordnancenetworks/podinfo/pkg/api/echo.go:36.2,40.34 3 1
github.com/ordnancenetworks/podinfo/pkg/api/echo.go:40.34,44.41 4 0
github.com/ordnancenetworks/podinfo/pkg/api/echo.go:44.41,45.39 1 0
github.com/ordnancenetworks/podinfo/pkg/api/echo.go:45.39,53.19 6 0
github.com/ordnancenetworks/podinfo/pkg/api/echo.go:53.19,56.6 2 0
github.com/ordnancenetworks/podinfo/pkg/api/echo.go:59.5,66.19 5 0
github.com/ordnancenetworks/podinfo/pkg/api/echo.go:66.19,70.6 3 0
github.com/ordnancenetworks/podinfo/pkg/api/echo.go:71.5,74.31 2 0
github.com/ordnancenetworks/podinfo/pkg/api/echo.go:74.31,78.6 3 0
github.com/ordnancenetworks/podinfo/pkg/api/echo.go:81.5,82.19 2 0
github.com/ordnancenetworks/podinfo/pkg/api/echo.go:82.19,89.6 3 0
github.com/ordnancenetworks/podinfo/pkg/api/echo.go:91.5,96.34 2 0
github.com/ordnancenetworks/podinfo/pkg/api/echo.go:99.3,102.31 3 0
github.com/ordnancenetworks/podinfo/pkg/api/echo.go:104.8,108.3 3 1
github.com/ordnancenetworks/podinfo/pkg/api/echo.go:111.63,122.25 2 0
github.com/ordnancenetworks/podinfo/pkg/api/echo.go:122.25,124.27 2 0
github.com/ordnancenetworks/podinfo/pkg/api/echo.go:124.27,126.4 1 0
github.com/ordnancenetworks/podinfo/pkg/api/echows.go:23.72,25.16 2 0
github.com/ordnancenetworks/podinfo/pkg/api/echows.go:25.16,26.17 1 0
github.com/ordnancenetworks/podinfo/pkg/api/echows.go:26.17,29.4 2 0
github.com/ordnancenetworks/podinfo/pkg/api/echows.go:31.2,38.6 8 0
github.com/ordnancenetworks/podinfo/pkg/api/echows.go:38.6,40.17 2 0
github.com/ordnancenetworks/podinfo/pkg/api/echows.go:40.17,41.47 1 0
github.com/ordnancenetworks/podinfo/pkg/api/echows.go:41.47,43.5 1 0
github.com/ordnancenetworks/podinfo/pkg/api/echows.go:44.4,44.9 1 0
github.com/ordnancenetworks/podinfo/pkg/api/echows.go:46.3,53.17 2 0
github.com/ordnancenetworks/podinfo/pkg/api/echows.go:57.90,60.6 3 0
github.com/ordnancenetworks/podinfo/pkg/api/echows.go:60.6,61.10 1 0
github.com/ordnancenetworks/podinfo/pkg/api/echows.go:62.19,70.16 2 0
github.com/ordnancenetworks/podinfo/pkg/api/echows.go:71.15,73.10 2 0
github.com/ordnancenetworks/podinfo/pkg/api/echows.go:78.67,79.6 1 0
github.com/ordnancenetworks/podinfo/pkg/api/echows.go:79.6,80.10 1 0
github.com/ordnancenetworks/podinfo/pkg/api/echows.go:81.20,82.44 1 0
github.com/ordnancenetworks/podinfo/pkg/api/echows.go:82.44,83.48 1 0
github.com/ordnancenetworks/podinfo/pkg/api/echows.go:83.48,85.6 1 0
github.com/ordnancenetworks/podinfo/pkg/api/echows.go:86.5,86.11 1 0
github.com/ordnancenetworks/podinfo/pkg/api/env.go:17.69,21.2 3 0
github.com/ordnancenetworks/podinfo/pkg/api/headers.go:15.77,19.2 3 1
github.com/ordnancenetworks/podinfo/pkg/api/health.go:16.73,17.37 1 1
github.com/ordnancenetworks/podinfo/pkg/api/health.go:17.37,20.3 2 0
github.com/ordnancenetworks/podinfo/pkg/api/health.go:21.2,21.46 1 1
github.com/ordnancenetworks/podinfo/pkg/api/health.go:32.72,33.35 1 1
github.com/ordnancenetworks/podinfo/pkg/api/health.go:33.35,36.3 2 0
github.com/ordnancenetworks/podinfo/pkg/api/health.go:37.2,37.46 1 1
github.com/ordnancenetworks/podinfo/pkg/api/health.go:48.77,51.2 2 0
github.com/ordnancenetworks/podinfo/pkg/api/health.go:61.78,64.2 2 0
github.com/ordnancenetworks/podinfo/pkg/api/http.go:16.60,17.71 1 0
github.com/ordnancenetworks/podinfo/pkg/api/http.go:17.71,19.26 2 0
github.com/ordnancenetworks/podinfo/pkg/api/http.go:19.26,24.4 3 0
github.com/ordnancenetworks/podinfo/pkg/api/http.go:25.3,25.23 1 0
github.com/ordnancenetworks/podinfo/pkg/api/http.go:29.56,30.71 1 0
github.com/ordnancenetworks/podinfo/pkg/api/http.go:30.71,35.3 3 0
github.com/ordnancenetworks/podinfo/pkg/api/http.go:38.91,40.16 2 1
github.com/ordnancenetworks/podinfo/pkg/api/http.go:40.16,44.3 3 0
github.com/ordnancenetworks/podinfo/pkg/api/http.go:46.2,49.27 4 1
github.com/ordnancenetworks/podinfo/pkg/api/http.go:52.113,54.16 2 1
github.com/ordnancenetworks/podinfo/pkg/api/http.go:54.16,58.3 3 0
github.com/ordnancenetworks/podinfo/pkg/api/http.go:60.2,63.27 4 1
github.com/ordnancenetworks/podinfo/pkg/api/http.go:66.113,78.16 4 0
github.com/ordnancenetworks/podinfo/pkg/api/http.go:78.16,82.3 3 0
github.com/ordnancenetworks/podinfo/pkg/api/http.go:84.2,87.27 4 0
github.com/ordnancenetworks/podinfo/pkg/api/http.go:90.34,94.2 3 1
github.com/ordnancenetworks/podinfo/pkg/api/index.go:16.71,21.16 4 0
github.com/ordnancenetworks/podinfo/pkg/api/index.go:21.16,25.3 3 0
github.com/ordnancenetworks/podinfo/pkg/api/index.go:27.2,35.46 2 0
github.com/ordnancenetworks/podinfo/pkg/api/index.go:35.46,37.3 1 0
github.com/ordnancenetworks/podinfo/pkg/api/info.go:20.70,39.2 4 1
github.com/ordnancenetworks/podinfo/pkg/api/logging.go:13.66,17.2 1 0
github.com/ordnancenetworks/podinfo/pkg/api/logging.go:19.69,20.71 1 0
github.com/ordnancenetworks/podinfo/pkg/api/logging.go:20.71,30.3 2 0
github.com/ordnancenetworks/podinfo/pkg/api/metrics.go:23.54,48.2 5 0
github.com/ordnancenetworks/podinfo/pkg/api/metrics.go:57.72,58.71 1 0
github.com/ordnancenetworks/podinfo/pkg/api/metrics.go:58.71,69.3 7 0
github.com/ordnancenetworks/podinfo/pkg/api/metrics.go:73.69,74.32 1 0
github.com/ordnancenetworks/podinfo/pkg/api/metrics.go:74.32,75.59 1 0
github.com/ordnancenetworks/podinfo/pkg/api/metrics.go:75.59,77.4 1 0
github.com/ordnancenetworks/podinfo/pkg/api/metrics.go:78.3,78.69 1 0
github.com/ordnancenetworks/podinfo/pkg/api/metrics.go:78.69,79.21 1 0
github.com/ordnancenetworks/podinfo/pkg/api/metrics.go:79.21,81.5 1 0
github.com/ordnancenetworks/podinfo/pkg/api/metrics.go:84.2,84.33 1 0
github.com/ordnancenetworks/podinfo/pkg/api/metrics.go:90.37,93.18 3 0
github.com/ordnancenetworks/podinfo/pkg/api/metrics.go:93.18,95.3 1 0
github.com/ordnancenetworks/podinfo/pkg/api/metrics.go:96.2,96.15 1 0
github.com/ordnancenetworks/podinfo/pkg/api/metrics.go:105.69,107.9 2 0
github.com/ordnancenetworks/podinfo/pkg/api/metrics.go:107.9,109.3 1 0
github.com/ordnancenetworks/podinfo/pkg/api/metrics.go:110.2,110.20 1 0
github.com/ordnancenetworks/podinfo/pkg/api/metrics.go:113.45,114.17 1 0
github.com/ordnancenetworks/podinfo/pkg/api/metrics.go:114.17,117.3 2 0
github.com/ordnancenetworks/podinfo/pkg/api/metrics.go:118.2,118.36 1 0
github.com/ordnancenetworks/podinfo/pkg/api/metrics.go:126.67,133.9 6 0
github.com/ordnancenetworks/podinfo/pkg/api/metrics.go:134.83,137.7 1 0
github.com/ordnancenetworks/podinfo/pkg/api/metrics.go:139.82,143.22 1 0
github.com/ordnancenetworks/podinfo/pkg/api/metrics.go:145.82,149.14 1 0
github.com/ordnancenetworks/podinfo/pkg/api/metrics.go:151.82,155.15 1 0
github.com/ordnancenetworks/podinfo/pkg/api/metrics.go:157.82,161.13 1 0
github.com/ordnancenetworks/podinfo/pkg/api/metrics.go:163.82,167.17 1 0
github.com/ordnancenetworks/podinfo/pkg/api/metrics.go:169.81,174.29 1 0
github.com/ordnancenetworks/podinfo/pkg/api/metrics.go:176.81,181.30 1 0
github.com/ordnancenetworks/podinfo/pkg/api/metrics.go:183.81,188.28 1 0
github.com/ordnancenetworks/podinfo/pkg/api/metrics.go:190.81,195.32 1 0
github.com/ordnancenetworks/podinfo/pkg/api/metrics.go:197.81,202.22 1 0
github.com/ordnancenetworks/podinfo/pkg/api/metrics.go:204.81,209.20 1 0
github.com/ordnancenetworks/podinfo/pkg/api/metrics.go:211.81,216.24 1 0
github.com/ordnancenetworks/podinfo/pkg/api/metrics.go:218.81,223.21 1 0
github.com/ordnancenetworks/podinfo/pkg/api/metrics.go:225.81,230.25 1 0
github.com/ordnancenetworks/podinfo/pkg/api/metrics.go:232.81,237.23 1 0
github.com/ordnancenetworks/podinfo/pkg/api/metrics.go:239.80,245.37 1 0
github.com/ordnancenetworks/podinfo/pkg/api/metrics.go:247.80,253.35 1 0
github.com/ordnancenetworks/podinfo/pkg/api/metrics.go:255.80,261.39 1 0
github.com/ordnancenetworks/podinfo/pkg/api/metrics.go:263.80,269.36 1 0
github.com/ordnancenetworks/podinfo/pkg/api/metrics.go:271.80,277.40 1 0
github.com/ordnancenetworks/podinfo/pkg/api/metrics.go:279.80,285.38 1 0
github.com/ordnancenetworks/podinfo/pkg/api/metrics.go:287.80,293.28 1 0
github.com/ordnancenetworks/podinfo/pkg/api/metrics.go:295.80,301.32 1 0
github.com/ordnancenetworks/podinfo/pkg/api/metrics.go:303.80,309.30 1 0
github.com/ordnancenetworks/podinfo/pkg/api/metrics.go:311.80,317.31 1 0
github.com/ordnancenetworks/podinfo/pkg/api/metrics.go:319.79,326.43 1 0
github.com/ordnancenetworks/podinfo/pkg/api/metrics.go:328.79,335.47 1 0
github.com/ordnancenetworks/podinfo/pkg/api/metrics.go:337.79,344.45 1 0
github.com/ordnancenetworks/podinfo/pkg/api/metrics.go:346.79,353.46 1 0
github.com/ordnancenetworks/podinfo/pkg/api/metrics.go:355.79,362.38 1 0
github.com/ordnancenetworks/podinfo/pkg/api/metrics.go:364.78,372.53 1 0
github.com/ordnancenetworks/podinfo/pkg/api/metrics.go:374.10,377.7 1 0
github.com/ordnancenetworks/podinfo/pkg/api/mock.go:12.30,35.2 3 1
github.com/ordnancenetworks/podinfo/pkg/api/panic.go:13.71,16.2 2 0
github.com/ordnancenetworks/podinfo/pkg/api/server.go:87.69,95.2 2 0
github.com/ordnancenetworks/podinfo/pkg/api/server.go:97.37,129.84 30 0
github.com/ordnancenetworks/podinfo/pkg/api/server.go:129.84,131.17 2 0
github.com/ordnancenetworks/podinfo/pkg/api/server.go:131.17,133.4 1 0
github.com/ordnancenetworks/podinfo/pkg/api/server.go:134.3,134.23 1 0
github.com/ordnancenetworks/podinfo/pkg/api/server.go:138.40,146.26 8 0
github.com/ordnancenetworks/podinfo/pkg/api/server.go:146.26,149.3 2 0
github.com/ordnancenetworks/podinfo/pkg/api/server.go:150.2,150.26 1 0
github.com/ordnancenetworks/podinfo/pkg/api/server.go:150.26,152.3 1 0
github.com/ordnancenetworks/podinfo/pkg/api/server.go:155.80,164.18 6 0
github.com/ordnancenetworks/podinfo/pkg/api/server.go:164.18,166.3 1 0
github.com/ordnancenetworks/podinfo/pkg/api/server.go:166.8,168.3 1 0
github.com/ordnancenetworks/podinfo/pkg/api/server.go:173.2,173.75 1 0
github.com/ordnancenetworks/podinfo/pkg/api/server.go:173.75,176.17 3 0
github.com/ordnancenetworks/podinfo/pkg/api/server.go:176.17,178.4 1 0
github.com/ordnancenetworks/podinfo/pkg/api/server.go:178.9,180.4 1 0
github.com/ordnancenetworks/podinfo/pkg/api/server.go:184.2,194.25 5 0
github.com/ordnancenetworks/podinfo/pkg/api/server.go:194.25,196.3 1 0
github.com/ordnancenetworks/podinfo/pkg/api/server.go:197.2,197.23 1 0
github.com/ordnancenetworks/podinfo/pkg/api/server.go:197.23,199.3 1 0
github.com/ordnancenetworks/podinfo/pkg/api/server.go:201.2,201.41 1 0
github.com/ordnancenetworks/podinfo/pkg/api/server.go:204.45,207.26 1 0
github.com/ordnancenetworks/podinfo/pkg/api/server.go:207.26,211.3 1 0
github.com/ordnancenetworks/podinfo/pkg/api/server.go:213.2,222.12 2 0
github.com/ordnancenetworks/podinfo/pkg/api/server.go:222.12,224.63 2 0
github.com/ordnancenetworks/podinfo/pkg/api/server.go:224.63,226.4 1 0
github.com/ordnancenetworks/podinfo/pkg/api/server.go:230.2,230.12 1 0
github.com/ordnancenetworks/podinfo/pkg/api/server.go:233.51,236.32 1 0
github.com/ordnancenetworks/podinfo/pkg/api/server.go:236.32,240.3 1 0
github.com/ordnancenetworks/podinfo/pkg/api/server.go:242.2,254.12 4 0
github.com/ordnancenetworks/podinfo/pkg/api/server.go:254.12,256.75 2 0
github.com/ordnancenetworks/podinfo/pkg/api/server.go:256.75,258.4 1 0
github.com/ordnancenetworks/podinfo/pkg/api/server.go:262.2,262.12 1 0
github.com/ordnancenetworks/podinfo/pkg/api/server.go:265.39,266.30 1 0
github.com/ordnancenetworks/podinfo/pkg/api/server.go:266.30,269.75 3 0
github.com/ordnancenetworks/podinfo/pkg/api/server.go:269.75,272.4 2 0
github.com/ordnancenetworks/podinfo/pkg/api/server.go:274.3,279.23 2 0
github.com/ordnancenetworks/podinfo/pkg/api/server.go:283.32,284.89 1 0
github.com/ordnancenetworks/podinfo/pkg/api/server.go:284.89,286.17 2 0
github.com/ordnancenetworks/podinfo/pkg/api/server.go:286.17,288.4 1 0
github.com/ordnancenetworks/podinfo/pkg/api/server.go:289.3,290.17 2 0
github.com/ordnancenetworks/podinfo/pkg/api/server.go:290.17,292.4 1 0
github.com/ordnancenetworks/podinfo/pkg/api/server.go:293.3,294.17 2 0
github.com/ordnancenetworks/podinfo/pkg/api/server.go:294.17,296.4 1 0
github.com/ordnancenetworks/podinfo/pkg/api/server.go:297.3,298.17 2 0
github.com/ordnancenetworks/podinfo/pkg/api/server.go:298.17,300.4 1 0
github.com/ordnancenetworks/podinfo/pkg/api/server.go:301.3,302.17 2 0
github.com/ordnancenetworks/podinfo/pkg/api/server.go:302.17,304.4 1 0
github.com/ordnancenetworks/podinfo/pkg/api/server.go:305.3,306.13 2 0
github.com/ordnancenetworks/podinfo/pkg/api/status.go:20.72,27.16 5 1
github.com/ordnancenetworks/podinfo/pkg/api/status.go:27.16,30.3 2 0
github.com/ordnancenetworks/podinfo/pkg/api/status.go:32.2,32.64 1 1
github.com/ordnancenetworks/podinfo/pkg/api/store.go:23.76,28.16 4 0
github.com/ordnancenetworks/podinfo/pkg/api/store.go:28.16,31.3 2 0
github.com/ordnancenetworks/podinfo/pkg/api/store.go:33.2,35.16 3 0
github.com/ordnancenetworks/podinfo/pkg/api/store.go:35.16,39.3 3 0
github.com/ordnancenetworks/podinfo/pkg/api/store.go:40.2,40.80 1 0
github.com/ordnancenetworks/podinfo/pkg/api/store.go:52.75,58.16 5 0
github.com/ordnancenetworks/podinfo/pkg/api/store.go:58.16,62.3 3 0
github.com/ordnancenetworks/podinfo/pkg/api/store.go:63.2,64.26 2 0
github.com/ordnancenetworks/podinfo/pkg/api/store.go:67.32,71.2 3 0
github.com/ordnancenetworks/podinfo/pkg/api/token.go:27.79,32.16 4 1
github.com/ordnancenetworks/podinfo/pkg/api/token.go:32.16,36.3 3 0
github.com/ordnancenetworks/podinfo/pkg/api/token.go:37.2,40.19 3 1
github.com/ordnancenetworks/podinfo/pkg/api/token.go:40.19,42.3 1 1
github.com/ordnancenetworks/podinfo/pkg/api/token.go:44.2,55.16 5 1
github.com/ordnancenetworks/podinfo/pkg/api/token.go:55.16,58.3 2 0
github.com/ordnancenetworks/podinfo/pkg/api/token.go:60.2,65.30 2 1
github.com/ordnancenetworks/podinfo/pkg/api/token.go:79.79,84.31 4 0
github.com/ordnancenetworks/podinfo/pkg/api/token.go:84.31,87.3 2 0
github.com/ordnancenetworks/podinfo/pkg/api/token.go:88.2,89.74 2 0
github.com/ordnancenetworks/podinfo/pkg/api/token.go:89.74,92.3 2 0
github.com/ordnancenetworks/podinfo/pkg/api/token.go:94.2,95.105 2 0
github.com/ordnancenetworks/podinfo/pkg/api/token.go:95.105,96.58 1 0
github.com/ordnancenetworks/podinfo/pkg/api/token.go:96.58,98.4 1 0
github.com/ordnancenetworks/podinfo/pkg/api/token.go:99.3,99.41 1 0
github.com/ordnancenetworks/podinfo/pkg/api/token.go:101.2,101.16 1 0
github.com/ordnancenetworks/podinfo/pkg/api/token.go:101.16,104.3 2 0
github.com/ordnancenetworks/podinfo/pkg/api/token.go:106.2,106.17 1 0
github.com/ordnancenetworks/podinfo/pkg/api/token.go:106.17,107.48 1 0
github.com/ordnancenetworks/podinfo/pkg/api/token.go:107.48,109.4 1 0
github.com/ordnancenetworks/podinfo/pkg/api/token.go:109.9,115.4 2 0
github.com/ordnancenetworks/podinfo/pkg/api/token.go:116.8,118.3 1 0
github.com/ordnancenetworks/podinfo/pkg/api/tracer.go:29.50,30.48 1 0
github.com/ordnancenetworks/podinfo/pkg/api/tracer.go:30.48,34.3 3 0
github.com/ordnancenetworks/podinfo/pkg/api/tracer.go:36.2,38.16 3 0
github.com/ordnancenetworks/podinfo/pkg/api/tracer.go:38.16,40.3 1 0
github.com/ordnancenetworks/podinfo/pkg/api/tracer.go:42.2,65.3 4 0
github.com/ordnancenetworks/podinfo/pkg/api/tracer.go:68.54,70.2 1 0
github.com/ordnancenetworks/podinfo/pkg/api/version.go:16.73,22.2 2 1
